2019-04-25 15:37:45,721 : INFO : collecting all words and their counts
2019-04-25 15:37:45,721 : INFO : collected 0 word types from a corpus of 0 raw words and 0 sentences
2019-04-25 15:37:45,721 : INFO : Loading a fresh vocabulary
2019-04-25 15:37:45,721 : INFO : effective_min_count=5 retains 0 unique words (0% of original 0, drops 0)
2019-04-25 15:37:45,721 : INFO : effective_min_count=5 leaves 0 word corpus (0% of original 0, drops 0)
2019-04-25 15:37:45,721 : INFO : deleting the raw counts dictionary of 0 items
2019-04-25 15:37:45,726 : INFO : sample=0.001 downsamples 0 most-common words
2019-04-25 15:37:45,726 : INFO : downsampling leaves estimated 0 word corpus (0.0% of prior 0)
2019-04-25 15:37:45,726 : INFO : estimated required memory for 0 words and 500 dimensions: 0 bytes
2019-04-25 15:37:45,726 : INFO : resetting layer weights
2019-04-25 15:38:26,845 : INFO : collecting all words and their counts
2019-04-25 15:38:26,845 : INFO : collected 0 word types from a corpus of 0 raw words and 0 sentences
2019-04-25 15:38:26,859 : INFO : Loading a fresh vocabulary
2019-04-25 15:38:26,859 : INFO : effective_min_count=5 retains 0 unique words (0% of original 0, drops 0)
2019-04-25 15:38:26,859 : INFO : effective_min_count=5 leaves 0 word corpus (0% of original 0, drops 0)
2019-04-25 15:38:26,859 : INFO : deleting the raw counts dictionary of 0 items
2019-04-25 15:38:26,859 : INFO : sample=0.001 downsamples 0 most-common words
2019-04-25 15:38:26,859 : INFO : downsampling leaves estimated 0 word corpus (0.0% of prior 0)
2019-04-25 15:38:26,859 : INFO : estimated required memory for 0 words and 500 dimensions: 0 bytes
2019-04-25 15:38:26,859 : INFO : resetting layer weights
2019-04-25 15:39:07,967 : INFO : collecting all words and their counts
2019-04-25 15:39:07,977 : INFO : PROGRESS: at sentence #0, processed 0 words, keeping 0 word types
2019-04-25 15:39:08,033 : INFO : collected 8871 word types from a corpus of 70000 raw words and 10000 sentences
2019-04-25 15:39:08,033 : INFO : Loading a fresh vocabulary
2019-04-25 15:39:08,052 : INFO : effective_min_count=5 retains 849 unique words (9% of original 8871, drops 8022)
2019-04-25 15:39:08,052 : INFO : effective_min_count=5 leaves 59226 word corpus (84% of original 70000, drops 10774)
2019-04-25 15:39:08,053 : INFO : deleting the raw counts dictionary of 8871 items
2019-04-25 15:39:08,053 : INFO : sample=0.001 downsamples 22 most-common words
2019-04-25 15:39:08,053 : INFO : downsampling leaves estimated 29389 word corpus (49.6% of prior 59226)
2019-04-25 15:39:08,053 : INFO : estimated required memory for 849 words and 500 dimensions: 3820500 bytes
2019-04-25 15:39:08,053 : INFO : resetting layer weights
2019-04-25 15:39:08,066 : INFO : training model with 5 workers on 849 vocabulary and 500 features, using sg=1 hs=0 sample=0.001 negative=15 window=10
2019-04-25 15:39:08,218 : INFO : worker thread finished; awaiting finish of 4 more threads
2019-04-25 15:39:08,235 : INFO : worker thread finished; awaiting finish of 3 more threads
2019-04-25 15:39:08,245 : INFO : worker thread finished; awaiting finish of 2 more threads
2019-04-25 15:39:08,270 : INFO : worker thread finished; awaiting finish of 1 more threads
2019-04-25 15:39:08,272 : INFO : worker thread finished; awaiting finish of 0 more threads
2019-04-25 15:39:08,272 : INFO : EPOCH - 1 : training on 70000 raw words (29425 effective words) took 0.2s, 154224 effective words/s
2019-04-25 15:39:08,272 : WARNING : EPOCH - 1 : supplied raw word count (70000) did not equal expected count (10000)
2019-04-25 15:39:08,397 : INFO : worker thread finished; awaiting finish of 4 more threads
2019-04-25 15:39:08,402 : INFO : worker thread finished; awaiting finish of 3 more threads
2019-04-25 15:39:08,416 : INFO : worker thread finished; awaiting finish of 2 more threads
2019-04-25 15:39:08,438 : INFO : worker thread finished; awaiting finish of 1 more threads
2019-04-25 15:39:08,440 : INFO : worker thread finished; awaiting finish of 0 more threads
2019-04-25 15:39:08,440 : INFO : EPOCH - 2 : training on 70000 raw words (29379 effective words) took 0.2s, 169195 effective words/s
2019-04-25 15:39:08,440 : WARNING : EPOCH - 2 : supplied raw word count (70000) did not equal expected count (10000)
2019-04-25 15:39:08,574 : INFO : worker thread finished; awaiting finish of 4 more threads
2019-04-25 15:39:08,589 : INFO : worker thread finished; awaiting finish of 3 more threads
2019-04-25 15:39:08,612 : INFO : worker thread finished; awaiting finish of 2 more threads
2019-04-25 15:39:08,614 : INFO : worker thread finished; awaiting finish of 1 more threads
2019-04-25 15:39:08,625 : INFO : worker thread finished; awaiting finish of 0 more threads
2019-04-25 15:39:08,625 : INFO : EPOCH - 3 : training on 70000 raw words (29321 effective words) took 0.2s, 166945 effective words/s
2019-04-25 15:39:08,625 : WARNING : EPOCH - 3 : supplied raw word count (70000) did not equal expected count (10000)
2019-04-25 15:39:08,740 : INFO : worker thread finished; awaiting finish of 4 more threads
2019-04-25 15:39:08,756 : INFO : worker thread finished; awaiting finish of 3 more threads
2019-04-25 15:39:08,772 : INFO : worker thread finished; awaiting finish of 2 more threads
2019-04-25 15:39:08,797 : INFO : worker thread finished; awaiting finish of 1 more threads
2019-04-25 15:39:08,801 : INFO : worker thread finished; awaiting finish of 0 more threads
2019-04-25 15:39:08,801 : INFO : EPOCH - 4 : training on 70000 raw words (29378 effective words) took 0.2s, 163677 effective words/s
2019-04-25 15:39:08,801 : WARNING : EPOCH - 4 : supplied raw word count (70000) did not equal expected count (10000)
2019-04-25 15:39:08,946 : INFO : worker thread finished; awaiting finish of 4 more threads
2019-04-25 15:39:08,962 : INFO : worker thread finished; awaiting finish of 3 more threads
2019-04-25 15:39:08,968 : INFO : worker thread finished; awaiting finish of 2 more threads
2019-04-25 15:39:08,983 : INFO : worker thread finished; awaiting finish of 1 more threads
2019-04-25 15:39:09,008 : INFO : worker thread finished; awaiting finish of 0 more threads
2019-04-25 15:39:09,015 : INFO : EPOCH - 5 : training on 70000 raw words (29473 effective words) took 0.2s, 142068 effective words/s
2019-04-25 15:39:09,015 : WARNING : EPOCH - 5 : supplied raw word count (70000) did not equal expected count (10000)
2019-04-25 15:39:09,015 : INFO : training on a 350000 raw words (146976 effective words) took 0.9s, 156951 effective words/s
2019-04-25 15:39:09,015 : WARNING : under 10 jobs per worker: consider setting a smaller `batch_words' for smoother alpha decay
