2019-04-25 19:44:09,007 : INFO : collecting all words and their counts
2019-04-25 19:44:09,007 : INFO : collected 0 word types from a corpus of 0 raw words and 0 sentences
2019-04-25 19:44:09,007 : INFO : Loading a fresh vocabulary
2019-04-25 19:44:09,007 : INFO : effective_min_count=5 retains 0 unique words (0% of original 0, drops 0)
2019-04-25 19:44:09,007 : INFO : effective_min_count=5 leaves 0 word corpus (0% of original 0, drops 0)
2019-04-25 19:44:09,007 : INFO : deleting the raw counts dictionary of 0 items
2019-04-25 19:44:09,008 : INFO : sample=0.001 downsamples 0 most-common words
2019-04-25 19:44:09,008 : INFO : downsampling leaves estimated 0 word corpus (0.0% of prior 0)
2019-04-25 19:44:09,008 : INFO : estimated required memory for 0 words and 500 dimensions: 0 bytes
2019-04-25 19:44:09,008 : INFO : resetting layer weights
2019-04-25 19:44:43,445 : INFO : collecting all words and their counts
2019-04-25 19:44:43,445 : INFO : collected 0 word types from a corpus of 0 raw words and 0 sentences
2019-04-25 19:44:43,445 : INFO : Loading a fresh vocabulary
2019-04-25 19:44:43,445 : INFO : effective_min_count=5 retains 0 unique words (0% of original 0, drops 0)
2019-04-25 19:44:43,445 : INFO : effective_min_count=5 leaves 0 word corpus (0% of original 0, drops 0)
2019-04-25 19:44:43,446 : INFO : deleting the raw counts dictionary of 0 items
2019-04-25 19:44:43,446 : INFO : sample=0.001 downsamples 0 most-common words
2019-04-25 19:44:43,446 : INFO : downsampling leaves estimated 0 word corpus (0.0% of prior 0)
2019-04-25 19:44:43,446 : INFO : estimated required memory for 0 words and 500 dimensions: 0 bytes
2019-04-25 19:44:43,446 : INFO : resetting layer weights
2019-04-25 19:45:25,872 : INFO : collecting all words and their counts
2019-04-25 19:45:25,873 : INFO : collected 0 word types from a corpus of 0 raw words and 0 sentences
2019-04-25 19:45:25,873 : INFO : Loading a fresh vocabulary
2019-04-25 19:45:25,873 : INFO : effective_min_count=5 retains 0 unique words (0% of original 0, drops 0)
2019-04-25 19:45:25,873 : INFO : effective_min_count=5 leaves 0 word corpus (0% of original 0, drops 0)
2019-04-25 19:45:25,873 : INFO : deleting the raw counts dictionary of 0 items
2019-04-25 19:45:25,873 : INFO : sample=0.001 downsamples 0 most-common words
2019-04-25 19:45:25,873 : INFO : downsampling leaves estimated 0 word corpus (0.0% of prior 0)
2019-04-25 19:45:25,873 : INFO : estimated required memory for 0 words and 500 dimensions: 0 bytes
2019-04-25 19:45:25,873 : INFO : resetting layer weights
2019-04-25 19:54:58,201 : INFO : collecting all words and their counts
2019-04-25 19:54:58,202 : INFO : collected 0 word types from a corpus of 0 raw words and 0 sentences
2019-04-25 19:54:58,202 : INFO : Loading a fresh vocabulary
2019-04-25 19:54:58,202 : INFO : effective_min_count=5 retains 0 unique words (0% of original 0, drops 0)
2019-04-25 19:54:58,202 : INFO : effective_min_count=5 leaves 0 word corpus (0% of original 0, drops 0)
2019-04-25 19:54:58,202 : INFO : deleting the raw counts dictionary of 0 items
2019-04-25 19:54:58,202 : INFO : sample=0.001 downsamples 0 most-common words
2019-04-25 19:54:58,202 : INFO : downsampling leaves estimated 0 word corpus (0.0% of prior 0)
2019-04-25 19:54:58,202 : INFO : estimated required memory for 0 words and 500 dimensions: 0 bytes
2019-04-25 19:54:58,202 : INFO : resetting layer weights
2019-04-25 19:55:08,823 : INFO : collecting all words and their counts
2019-04-25 19:55:08,824 : INFO : collected 0 word types from a corpus of 0 raw words and 0 sentences
2019-04-25 19:55:08,824 : INFO : Loading a fresh vocabulary
2019-04-25 19:55:08,824 : INFO : effective_min_count=5 retains 0 unique words (0% of original 0, drops 0)
2019-04-25 19:55:08,824 : INFO : effective_min_count=5 leaves 0 word corpus (0% of original 0, drops 0)
2019-04-25 19:55:08,824 : INFO : deleting the raw counts dictionary of 0 items
2019-04-25 19:55:08,824 : INFO : sample=0.001 downsamples 0 most-common words
2019-04-25 19:55:08,824 : INFO : downsampling leaves estimated 0 word corpus (0.0% of prior 0)
2019-04-25 19:55:08,825 : INFO : estimated required memory for 0 words and 500 dimensions: 0 bytes
2019-04-25 19:55:08,825 : INFO : resetting layer weights
