2019-04-25 15:37:45,721 : INFO : collecting all words and their counts
2019-04-25 15:37:45,721 : INFO : collected 0 word types from a corpus of 0 raw words and 0 sentences
2019-04-25 15:37:45,721 : INFO : Loading a fresh vocabulary
2019-04-25 15:37:45,721 : INFO : effective_min_count=5 retains 0 unique words (0% of original 0, drops 0)
2019-04-25 15:37:45,721 : INFO : effective_min_count=5 leaves 0 word corpus (0% of original 0, drops 0)
2019-04-25 15:37:45,721 : INFO : deleting the raw counts dictionary of 0 items
2019-04-25 15:37:45,726 : INFO : sample=0.001 downsamples 0 most-common words
2019-04-25 15:37:45,726 : INFO : downsampling leaves estimated 0 word corpus (0.0% of prior 0)
2019-04-25 15:37:45,726 : INFO : estimated required memory for 0 words and 500 dimensions: 0 bytes
2019-04-25 15:37:45,726 : INFO : resetting layer weights
2019-04-25 15:38:26,845 : INFO : collecting all words and their counts
2019-04-25 15:38:26,845 : INFO : collected 0 word types from a corpus of 0 raw words and 0 sentences
2019-04-25 15:38:26,859 : INFO : Loading a fresh vocabulary
2019-04-25 15:38:26,859 : INFO : effective_min_count=5 retains 0 unique words (0% of original 0, drops 0)
2019-04-25 15:38:26,859 : INFO : effective_min_count=5 leaves 0 word corpus (0% of original 0, drops 0)
2019-04-25 15:38:26,859 : INFO : deleting the raw counts dictionary of 0 items
2019-04-25 15:38:26,859 : INFO : sample=0.001 downsamples 0 most-common words
2019-04-25 15:38:26,859 : INFO : downsampling leaves estimated 0 word corpus (0.0% of prior 0)
2019-04-25 15:38:26,859 : INFO : estimated required memory for 0 words and 500 dimensions: 0 bytes
2019-04-25 15:38:26,859 : INFO : resetting layer weights
